<?xml version="1.0" encoding="UTF-8"?>
<!-- Generated by org.testng.reporters.JUnitReportReporter -->
<testsuite hostname="DESKTOP-CCPG5IB" failures="0" tests="1" name="TestRunner.CucumberTestRunner" time="14.487" errors="0" timestamp="2024-02-17T13:13:10 IST" skipped="0">
  <testcase classname="TestRunner.CucumberTestRunner" name="runScenario" time="14.487"/>
  <system-out/>
</testsuite> <!-- TestRunner.CucumberTestRunner -->
